{"C:\\Users\\osama\\Documents\\projects\\java scripts\\node js\\projects\\chat-app\\sum.js": {"path":"C:\\Users\\osama\\Documents\\projects\\java scripts\\node js\\projects\\chat-app\\sum.js","statementMap":{"0":{"start":{"line":2,"column":2},"end":{"line":2,"column":15}},"1":{"start":{"line":4,"column":0},"end":{"line":4,"column":21}}},"fnMap":{"0":{"name":"sum","decl":{"start":{"line":1,"column":9},"end":{"line":1,"column":12}},"loc":{"start":{"line":1,"column":19},"end":{"line":3,"column":1}},"line":1}},"branchMap":{},"s":{"0":1,"1":1},"f":{"0":1},"b":{},"_coverageSchema":"1a1c01bbd47fc00a2c39e90264f33305004495a9","hash":"7a8fc9a3d2fc0c30f1b26c8c86b5ee297acf4695"}
}
